almighty_book/build/app/outputs/mapping/release/mapping.txt
# compiler: R8
# compiler_version: 1.5.64
# min_api: 16
# pg_map_id: b888841
...
io.flutter.plugins.videoplayer.QueuingEventSink -> io.flutter.plugins.d.o:
    io.flutter.plugin.common.EventChannel$EventSink delegate -> a
    java.util.ArrayList eventQueue -> b
    boolean done -> c
    void endOfStream() -> a
    void error(java.lang.String,java.lang.String,java.lang.Object) -> a
    void setDelegate(io.flutter.plugin.common.EventChannel$EventSink) -> a
    void success(java.lang.Object) -> a
    void enqueue(java.lang.Object) -> b
    void maybeFlush() -> b
io.flutter.plugins.videoplayer.QueuingEventSink$1 -> io.flutter.plugins.d.o$a:
io.flutter.plugins.videoplayer.QueuingEventSink$EndOfStreamEvent -> io.flutter.plugins.d.o$b:
io.flutter.plugins.videoplayer.QueuingEventSink$ErrorEvent -> io.flutter.plugins.d.o$c:
    java.lang.Object details -> c
    java.lang.String code -> a
    java.lang.String message -> b
io.flutter.plugins.videoplayer.VideoPlayer -> io.flutter.plugins.d.p:
    io.flutter.plugins.videoplayer.VideoPlayerOptions options -> g
    io.flutter.plugins.videoplayer.QueuingEventSink eventSink -> d
    android.view.Surface surface -> b
    io.flutter.plugin.common.EventChannel eventChannel -> e
    boolean isInitialized -> f
    com.google.android.exoplayer2.SimpleExoPlayer exoPlayer -> a
    io.flutter.view.TextureRegistry$SurfaceTextureEntry textureEntry -> c
    io.flutter.plugins.videoplayer.QueuingEventSink access$000(io.flutter.plugins.videoplayer.VideoPlayer) -> a
    boolean access$102(io.flutter.plugins.videoplayer.VideoPlayer,boolean) -> a
    com.google.android.exoplayer2.source.MediaSource buildMediaSource(android.net.Uri,com.google.android.exoplayer2.upstream.DataSource$Factory,java.lang.String,android.content.Context) -> a
    void dispose() -> a
    boolean isHTTP(android.net.Uri) -> a
    void seekTo(int) -> a
    void setAudioAttributes(com.google.android.exoplayer2.SimpleExoPlayer,boolean) -> a
    void setLooping(boolean) -> a
    void setVolume(double) -> a
    void setupVideoPlayer(io.flutter.plugin.common.EventChannel,io.flutter.view.TextureRegistry$SurfaceTextureEntry) -> a
    boolean access$100(io.flutter.plugins.videoplayer.VideoPlayer) -> b
    long getPosition() -> b
    void access$200(io.flutter.plugins.videoplayer.VideoPlayer) -> c
    void pause() -> c
    void play() -> d
    void sendBufferingUpdate() -> e
io.flutter.plugins.videoplayer.VideoPlayer$1 -> io.flutter.plugins.d.p$a:
    io.flutter.plugins.videoplayer.VideoPlayer this$0 -> a
    void onCancel(java.lang.Object) -> a
    void onListen(java.lang.Object,io.flutter.plugin.common.EventChannel$EventSink) -> a
io.flutter.plugins.videoplayer.VideoPlayer$2 -> io.flutter.plugins.d.p$b:
    io.flutter.plugins.videoplayer.VideoPlayer this$0 -> a
    void onLoadingChanged(boolean) -> a
    void onPlaybackParametersChanged(com.google.android.exoplayer2.PlaybackParameters) -> a
    void onPlayerError(com.google.android.exoplayer2.ExoPlaybackException) -> a
    void onPlayerStateChanged(boolean,int) -> a
    void onSeekProcessed() -> a
    void onTimelineChanged(com.google.android.exoplayer2.Timeline,java.lang.Object,int) -> a
    void onTracksChanged(com.google.android.exoplayer2.source.TrackGroupArray,com.google.android.exoplayer2.trackselection.TrackSelectionArray) -> a
    void onPositionDiscontinuity(int) -> b
    void onRepeatModeChanged(int) -> c
io.flutter.plugins.videoplayer.VideoPlayerOptions -> io.flutter.plugins.d.q:
    boolean mixWithOthers -> a